<?xml version="1.0" encoding="UTF-8"?>
<testsuite name="edu.miu.cse.vsms.controller.EmployeeControllerTest" tests="1" skipped="0" failures="0" errors="0" timestamp="2024-11-25T18:21:36" hostname="Hsu-Mins-MacBook-Air.local" time="28.508">
  <properties/>
  <testcase name="addEmployee_success_returnBook()" classname="edu.miu.cse.vsms.controller.EmployeeControllerTest" time="28.508"/>
  <system-out><![CDATA[]]></system-out>
  <system-err><![CDATA[Mockito is currently self-attaching to enable the inline-mock-maker. This will no longer work in future releases of the JDK. Please add Mockito as an agent to your build what is described in Mockito's documentation: https://javadoc.io/doc/org.mockito/mockito-core/latest/org/mockito/Mockito.html#0.3
WARNING: A Java agent has been loaded dynamically (/Users/kaunghtetswe/.gradle/caches/modules-2/files-2.1/net.bytebuddy/byte-buddy-agent/1.15.10/e8eb255b2c378b9a6c7341e7b0e12f0a5636377/byte-buddy-agent-1.15.10.jar)
WARNING: If a serviceability tool is in use, please run with -XX:+EnableDynamicAgentLoading to hide this warning
WARNING: If a serviceability tool is not in use, please run with -Djdk.instrument.traceUsage for more information
WARNING: Dynamic loading of agents will be disallowed by default in a future release
]]></system-err>
</testsuite>
